# JRE version: OpenJDK Runtime Environment Zulu16.32+15-CA (16.0.2+7) (build 16.0.2+7)
# Java VM: OpenJDK 64-Bit Server VM Zulu16.32+15-CA (16.0.2+7, mixed mode, tiered, compressed oops, compressed class ptrs, g1 gc, bsd-aarch64)
GC Precious Log:
 CPUs: 10 total, 10 available
 Memory: 32768M
 Large Page Support: Disabled
 NUMA Support: Disabled
 Compressed Oops: Enabled (Zero based)
 Heap Region Size: 4M
 Heap Min Capacity: 8M
 Heap Initial Capacity: 512M
 Heap Max Capacity: 8G
 Pre-touch: Disabled
 Parallel Workers: 9
 Concurrent Workers: 2
 Concurrent Refinement Workers: 9
 Periodic GC: Disabled
Heap:
 garbage-first heap   total 94208K, used 57134K [0x00000005c0000000, 0x00000007c0000000)
  region size 4096K, 11 young (45056K), 1 survivors (4096K)
 Metaspace       used 45876K, committed 46336K, reserved 1089536K
  class space    used 5584K, committed 5824K, reserved 1048576K
GC Heap History (18 events):
Event: 0.293 GC heap before
{Heap before GC invocations=0 (full 0):
 garbage-first heap   total 524288K, used 24576K [0x00000005c0000000, 0x00000007c0000000)
  region size 4096K, 6 young (24576K), 0 survivors (0K)
 Metaspace       used 11049K, committed 11264K, reserved 1064960K
  class space    used 1052K, committed 1152K, reserved 1048576K
}
Event: 0.296 GC heap after
{Heap after GC invocations=1 (full 0):
 garbage-first heap   total 524288K, used 8178K [0x00000005c0000000, 0x00000007c0000000)
  region size 4096K, 1 young (4096K), 1 survivors (4096K)
 Metaspace       used 11049K, committed 11264K, reserved 1064960K
  class space    used 1052K, committed 1152K, reserved 1048576K
}
Event: 0.320 GC heap before
{Heap before GC invocations=1 (full 0):
 garbage-first heap   total 524288K, used 24562K [0x00000005c0000000, 0x00000007c0000000)
  region size 4096K, 6 young (24576K), 1 survivors (4096K)
 Metaspace       used 11743K, committed 12032K, reserved 1064960K
  class space    used 1134K, committed 1280K, reserved 1048576K
}
Event: 0.321 GC heap after
{Heap after GC invocations=2 (full 0):
 garbage-first heap   total 524288K, used 8654K [0x00000005c0000000, 0x00000007c0000000)
  region size 4096K, 1 young (4096K), 1 survivors (4096K)
 Metaspace       used 11743K, committed 12032K, reserved 1064960K
  class space    used 1134K, committed 1280K, reserved 1048576K
}
Event: 0.546 GC heap before
{Heap before GC invocations=2 (full 0):
 garbage-first heap   total 524288K, used 57806K [0x00000005c0000000, 0x00000007c0000000)
  region size 4096K, 14 young (57344K), 1 survivors (4096K)
 Metaspace       used 18329K, committed 18624K, reserved 1073152K
  class space    used 1957K, committed 2112K, reserved 1048576K
}
Event: 0.548 GC heap after
{Heap after GC invocations=3 (full 0):
 garbage-first heap   total 524288K, used 10315K [0x00000005c0000000, 0x00000007c0000000)
  region size 4096K, 1 young (4096K), 1 survivors (4096K)
 Metaspace       used 18329K, committed 18624K, reserved 1073152K
  class space    used 1957K, committed 2112K, reserved 1048576K
}
Event: 0.585 GC heap before
{Heap before GC invocations=3 (full 0):
 garbage-first heap   total 524288K, used 22603K [0x00000005c0000000, 0x00000007c0000000)
  region size 4096K, 5 young (20480K), 1 survivors (4096K)
 Metaspace       used 20945K, committed 21248K, reserved 1073152K
  class space    used 2237K, committed 2368K, reserved 1048576K
}
Event: 0.586 GC heap after
{Heap after GC invocations=4 (full 0):
 garbage-first heap   total 524288K, used 10690K [0x00000005c0000000, 0x00000007c0000000)
  region size 4096K, 1 young (4096K), 1 survivors (4096K)
 Metaspace       used 20945K, committed 21248K, reserved 1073152K
  class space    used 2237K, committed 2368K, reserved 1048576K
}
Event: 0.694 GC heap before
{Heap before GC invocations=5 (full 0):
 garbage-first heap   total 69632K, used 59842K [0x00000005c0000000, 0x00000007c0000000)
  region size 4096K, 14 young (57344K), 1 survivors (4096K)
 Metaspace       used 24830K, committed 25152K, reserved 1073152K
  class space    used 2749K, committed 2880K, reserved 1048576K
}
Event: 0.696 GC heap after
{Heap after GC invocations=6 (full 0):
 garbage-first heap   total 73728K, used 11778K [0x00000005c0000000, 0x00000007c0000000)
  region size 4096K, 1 young (4096K), 1 survivors (4096K)
 Metaspace       used 24830K, committed 25152K, reserved 1073152K
  class space    used 2749K, committed 2880K, reserved 1048576K
}
Event: 0.697 GC heap before
{Heap before GC invocations=6 (full 0):
 garbage-first heap   total 73728K, used 11778K [0x00000005c0000000, 0x00000007c0000000)
  region size 4096K, 2 young (8192K), 1 survivors (4096K)
 Metaspace       used 24830K, committed 25152K, reserved 1073152K
  class space    used 2749K, committed 2880K, reserved 1048576K
}
Event: 0.698 GC heap after
{Heap after GC invocations=7 (full 0):
 garbage-first heap   total 299008K, used 11845K [0x00000005c0000000, 0x00000007c0000000)
  region size 4096K, 1 young (4096K), 1 survivors (4096K)
 Metaspace       used 24830K, committed 25152K, reserved 1073152K
  class space    used 2749K, committed 2880K, reserved 1048576K
}
Event: 1.385 GC heap before
{Heap before GC invocations=7 (full 0):
 garbage-first heap   total 299008K, used 114245K [0x00000005c0000000, 0x00000007c0000000)
  region size 4096K, 27 young (110592K), 1 survivors (4096K)
 Metaspace       used 35687K, committed 36096K, reserved 1081344K
  class space    used 4155K, committed 4352K, reserved 1048576K
}
Event: 1.389 GC heap after
{Heap after GC invocations=8 (full 0):
 garbage-first heap   total 299008K, used 17948K [0x00000005c0000000, 0x00000007c0000000)
  region size 4096K, 2 young (8192K), 2 survivors (8192K)
 Metaspace       used 35687K, committed 36096K, reserved 1081344K
  class space    used 4155K, committed 4352K, reserved 1048576K
}
Event: 1.467 GC heap before
{Heap before GC invocations=9 (full 0):
 garbage-first heap   total 81920K, used 75292K [0x00000005c0000000, 0x00000007c0000000)
  region size 4096K, 17 young (69632K), 2 survivors (8192K)
 Metaspace       used 37663K, committed 38080K, reserved 1089536K
  class space    used 4348K, committed 4544K, reserved 1048576K
}
Event: 1.470 GC heap after
{Heap after GC invocations=10 (full 0):
 garbage-first heap   total 94208K, used 19724K [0x00000005c0000000, 0x00000007c0000000)
  region size 4096K, 3 young (12288K), 3 survivors (12288K)
 Metaspace       used 37663K, committed 38080K, reserved 1089536K
  class space    used 4348K, committed 4544K, reserved 1048576K
}
Event: 1.518 GC heap before
{Heap before GC invocations=10 (full 0):
 garbage-first heap   total 94208K, used 56588K [0x00000005c0000000, 0x00000007c0000000)
  region size 4096K, 13 young (53248K), 3 survivors (12288K)
 Metaspace       used 38368K, committed 38848K, reserved 1089536K
  class space    used 4450K, committed 4672K, reserved 1048576K
}
Event: 1.521 GC heap after
{Heap after GC invocations=11 (full 0):
 garbage-first heap   total 94208K, used 20270K [0x00000005c0000000, 0x00000007c0000000)
  region size 4096K, 1 young (4096K), 1 survivors (4096K)
 Metaspace       used 38368K, committed 38848K, reserved 1089536K
  class space    used 4450K, committed 4672K, reserved 1048576K
}

