# JRE version: OpenJDK Runtime Environment Zulu16.32+15-CA (16.0.2+7) (build 16.0.2+7)
# Java VM: OpenJDK 64-Bit Server VM Zulu16.32+15-CA (16.0.2+7, mixed mode, tiered, compressed oops, compressed class ptrs, g1 gc, bsd-aarch64)
GC Precious Log:
 CPUs: 10 total, 10 available
 Memory: 32768M
 Large Page Support: Disabled
 NUMA Support: Disabled
 Compressed Oops: Enabled (Zero based)
 Heap Region Size: 4M
 Heap Min Capacity: 8M
 Heap Initial Capacity: 512M
 Heap Max Capacity: 8G
 Pre-touch: Disabled
 Parallel Workers: 9
 Concurrent Workers: 2
 Concurrent Refinement Workers: 9
 Periodic GC: Disabled
Heap:
 garbage-first heap   total 122880K, used 85981K [0x00000005c0000000, 0x00000007c0000000)
  region size 4096K, 14 young (57344K), 1 survivors (4096K)
 Metaspace       used 73199K, committed 73728K, reserved 1122304K
  class space    used 9071K, committed 9344K, reserved 1048576K
GC Heap History (20 events):
Event: 0.802 GC heap before
{Heap before GC invocations=5 (full 0):
 garbage-first heap   total 57344K, used 51563K [0x00000005c0000000, 0x00000007c0000000)
  region size 4096K, 12 young (49152K), 1 survivors (4096K)
 Metaspace       used 24846K, committed 25216K, reserved 1073152K
  class space    used 2749K, committed 2880K, reserved 1048576K
}
Event: 0.803 GC heap after
{Heap after GC invocations=6 (full 0):
 garbage-first heap   total 61440K, used 11680K [0x00000005c0000000, 0x00000007c0000000)
  region size 4096K, 1 young (4096K), 1 survivors (4096K)
 Metaspace       used 24846K, committed 25216K, reserved 1073152K
  class space    used 2749K, committed 2880K, reserved 1048576K
}
Event: 0.905 GC heap before
{Heap before GC invocations=6 (full 0):
 garbage-first heap   total 61440K, used 36256K [0x00000005c0000000, 0x00000007c0000000)
  region size 4096K, 8 young (32768K), 1 survivors (4096K)
 Metaspace       used 26027K, committed 26368K, reserved 1073152K
  class space    used 2870K, committed 3008K, reserved 1048576K
}
Event: 0.907 GC heap after
{Heap after GC invocations=7 (full 0):
 garbage-first heap   total 294912K, used 12854K [0x00000005c0000000, 0x00000007c0000000)
  region size 4096K, 1 young (4096K), 1 survivors (4096K)
 Metaspace       used 26027K, committed 26368K, reserved 1073152K
  class space    used 2870K, committed 3008K, reserved 1048576K
}
Event: 1.497 GC heap before
{Heap before GC invocations=7 (full 0):
 garbage-first heap   total 294912K, used 98870K [0x00000005c0000000, 0x00000007c0000000)
  region size 4096K, 23 young (94208K), 1 survivors (4096K)
 Metaspace       used 35546K, committed 35968K, reserved 1081344K
  class space    used 4144K, committed 4352K, reserved 1048576K
}
Event: 1.500 GC heap after
{Heap after GC invocations=8 (full 0):
 garbage-first heap   total 294912K, used 18040K [0x00000005c0000000, 0x00000007c0000000)
  region size 4096K, 2 young (8192K), 2 survivors (8192K)
 Metaspace       used 35546K, committed 35968K, reserved 1081344K
  class space    used 4144K, committed 4352K, reserved 1048576K
}
Event: 1.588 GC heap before
{Heap before GC invocations=9 (full 0):
 garbage-first heap   total 81920K, used 75384K [0x00000005c0000000, 0x00000007c0000000)
  region size 4096K, 17 young (69632K), 2 survivors (8192K)
 Metaspace       used 37727K, committed 38144K, reserved 1089536K
  class space    used 4355K, committed 4544K, reserved 1048576K
}
Event: 1.592 GC heap after
{Heap after GC invocations=10 (full 0):
 garbage-first heap   total 94208K, used 19460K [0x00000005c0000000, 0x00000007c0000000)
  region size 4096K, 3 young (12288K), 3 survivors (12288K)
 Metaspace       used 37727K, committed 38144K, reserved 1089536K
  class space    used 4355K, committed 4544K, reserved 1048576K
}
Event: 1.635 GC heap before
{Heap before GC invocations=10 (full 0):
 garbage-first heap   total 94208K, used 56324K [0x00000005c0000000, 0x00000007c0000000)
  region size 4096K, 13 young (53248K), 3 survivors (12288K)
 Metaspace       used 38358K, committed 38848K, reserved 1089536K
  class space    used 4449K, committed 4672K, reserved 1048576K
}
Event: 1.638 GC heap after
{Heap after GC invocations=11 (full 0):
 garbage-first heap   total 94208K, used 20174K [0x00000005c0000000, 0x00000007c0000000)
  region size 4096K, 1 young (4096K), 1 survivors (4096K)
 Metaspace       used 38358K, committed 38848K, reserved 1089536K
  class space    used 4449K, committed 4672K, reserved 1048576K
}
Event: 2.102 GC heap before
{Heap before GC invocations=11 (full 0):
 garbage-first heap   total 94208K, used 65230K [0x00000005c0000000, 0x00000007c0000000)
  region size 4096K, 13 young (53248K), 1 survivors (4096K)
 Metaspace       used 48590K, committed 48960K, reserved 1097728K
  class space    used 5896K, committed 6080K, reserved 1048576K
}
Event: 2.104 GC heap after
{Heap after GC invocations=12 (full 0):
 garbage-first heap   total 311296K, used 22180K [0x00000005c0000000, 0x00000007c0000000)
  region size 4096K, 2 young (8192K), 2 survivors (8192K)
 Metaspace       used 48590K, committed 48960K, reserved 1097728K
  class space    used 5896K, committed 6080K, reserved 1048576K
}
Event: 2.724 GC heap before
{Heap before GC invocations=12 (full 0):
 garbage-first heap   total 311296K, used 112292K [0x00000005c0000000, 0x00000007c0000000)
  region size 4096K, 25 young (102400K), 2 survivors (8192K)
 Metaspace       used 59857K, committed 60288K, reserved 1105920K
  class space    used 7380K, committed 7616K, reserved 1048576K
}
Event: 2.729 GC heap after
{Heap after GC invocations=13 (full 0):
 garbage-first heap   total 311296K, used 26530K [0x00000005c0000000, 0x00000007c0000000)
  region size 4096K, 3 young (12288K), 3 survivors (12288K)
 Metaspace       used 59857K, committed 60288K, reserved 1105920K
  class space    used 7380K, committed 7616K, reserved 1048576K
}
Event: 3.037 GC heap before
{Heap before GC invocations=14 (full 0):
 garbage-first heap   total 122880K, used 92066K [0x00000005c0000000, 0x00000007c0000000)
  region size 4096K, 19 young (77824K), 3 survivors (12288K)
 Metaspace       used 63480K, committed 64000K, reserved 1105920K
  class space    used 7844K, committed 8128K, reserved 1048576K
}
Event: 3.040 GC heap after
{Heap after GC invocations=15 (full 0):
 garbage-first heap   total 122880K, used 29373K [0x00000005c0000000, 0x00000007c0000000)
  region size 4096K, 2 young (8192K), 2 survivors (8192K)
 Metaspace       used 63480K, committed 64000K, reserved 1105920K
  class space    used 7844K, committed 8128K, reserved 1048576K
}
Event: 3.412 GC heap before
{Heap before GC invocations=15 (full 0):
 garbage-first heap   total 122880K, used 90813K [0x00000005c0000000, 0x00000007c0000000)
  region size 4096K, 17 young (69632K), 2 survivors (8192K)
 Metaspace       used 70936K, committed 71488K, reserved 1114112K
  class space    used 8795K, committed 9088K, reserved 1048576K
}
Event: 3.418 GC heap after
{Heap after GC invocations=16 (full 0):
 garbage-first heap   total 122880K, used 34896K [0x00000005c0000000, 0x00000007c0000000)
  region size 4096K, 3 young (12288K), 3 survivors (12288K)
 Metaspace       used 70936K, committed 71488K, reserved 1114112K
  class space    used 8795K, committed 9088K, reserved 1048576K
}
Event: 3.715 GC heap before
{Heap before GC invocations=16 (full 0):
 garbage-first heap   total 122880K, used 88144K [0x00000005c0000000, 0x00000007c0000000)
  region size 4096K, 16 young (65536K), 3 survivors (12288K)
 Metaspace       used 71779K, committed 72384K, reserved 1114112K
  class space    used 8864K, committed 9152K, reserved 1048576K
}
Event: 3.720 GC heap after
{Heap after GC invocations=17 (full 0):
 garbage-first heap   total 122880K, used 36829K [0x00000005c0000000, 0x00000007c0000000)
  region size 4096K, 1 young (4096K), 1 survivors (4096K)
 Metaspace       used 71779K, committed 72384K, reserved 1114112K
  class space    used 8864K, committed 9152K, reserved 1048576K
}

