# JRE version: OpenJDK Runtime Environment Zulu16.32+15-CA (16.0.2+7) (build 16.0.2+7)
# Java VM: OpenJDK 64-Bit Server VM Zulu16.32+15-CA (16.0.2+7, mixed mode, tiered, compressed oops, compressed class ptrs, g1 gc, bsd-aarch64)
GC Precious Log:
 CPUs: 10 total, 10 available
 Memory: 32768M
 Large Page Support: Disabled
 NUMA Support: Disabled
 Compressed Oops: Enabled (Zero based)
 Heap Region Size: 4M
 Heap Min Capacity: 8M
 Heap Initial Capacity: 512M
 Heap Max Capacity: 8G
 Pre-touch: Disabled
 Parallel Workers: 9
 Concurrent Workers: 2
 Concurrent Refinement Workers: 9
 Periodic GC: Disabled
Heap:
 garbage-first heap   total 122880K, used 42195K [0x00000005c0000000, 0x00000007c0000000)
  region size 4096K, 3 young (12288K), 1 survivors (4096K)
 Metaspace       used 74647K, committed 75264K, reserved 1122304K
  class space    used 9258K, committed 9536K, reserved 1048576K
GC Heap History (20 events):
Event: 0.741 GC heap before
{Heap before GC invocations=6 (full 0):
 garbage-first heap   total 61440K, used 36289K [0x00000005c0000000, 0x00000007c0000000)
  region size 4096K, 8 young (32768K), 1 survivors (4096K)
 Metaspace       used 26020K, committed 26368K, reserved 1073152K
  class space    used 2873K, committed 3008K, reserved 1048576K
}
Event: 0.743 GC heap after
{Heap after GC invocations=7 (full 0):
 garbage-first heap   total 294912K, used 12790K [0x00000005c0000000, 0x00000007c0000000)
  region size 4096K, 1 young (4096K), 1 survivors (4096K)
 Metaspace       used 26020K, committed 26368K, reserved 1073152K
  class space    used 2873K, committed 3008K, reserved 1048576K
}
Event: 1.350 GC heap before
{Heap before GC invocations=7 (full 0):
 garbage-first heap   total 294912K, used 98806K [0x00000005c0000000, 0x00000007c0000000)
  region size 4096K, 23 young (94208K), 1 survivors (4096K)
 Metaspace       used 35551K, committed 35968K, reserved 1081344K
  class space    used 4138K, committed 4352K, reserved 1048576K
}
Event: 1.354 GC heap after
{Heap after GC invocations=8 (full 0):
 garbage-first heap   total 294912K, used 18080K [0x00000005c0000000, 0x00000007c0000000)
  region size 4096K, 2 young (8192K), 2 survivors (8192K)
 Metaspace       used 35551K, committed 35968K, reserved 1081344K
  class space    used 4138K, committed 4352K, reserved 1048576K
}
Event: 1.437 GC heap before
{Heap before GC invocations=9 (full 0):
 garbage-first heap   total 81920K, used 75424K [0x00000005c0000000, 0x00000007c0000000)
  region size 4096K, 17 young (69632K), 2 survivors (8192K)
 Metaspace       used 37726K, committed 38144K, reserved 1089536K
  class space    used 4349K, committed 4544K, reserved 1048576K
}
Event: 1.440 GC heap after
{Heap after GC invocations=10 (full 0):
 garbage-first heap   total 94208K, used 19514K [0x00000005c0000000, 0x00000007c0000000)
  region size 4096K, 3 young (12288K), 3 survivors (12288K)
 Metaspace       used 37726K, committed 38144K, reserved 1089536K
  class space    used 4349K, committed 4544K, reserved 1048576K
}
Event: 1.483 GC heap before
{Heap before GC invocations=10 (full 0):
 garbage-first heap   total 94208K, used 56378K [0x00000005c0000000, 0x00000007c0000000)
  region size 4096K, 13 young (53248K), 3 survivors (12288K)
 Metaspace       used 38436K, committed 38912K, reserved 1089536K
  class space    used 4450K, committed 4672K, reserved 1048576K
}
Event: 1.487 GC heap after
{Heap after GC invocations=11 (full 0):
 garbage-first heap   total 94208K, used 19586K [0x00000005c0000000, 0x00000007c0000000)
  region size 4096K, 1 young (4096K), 1 survivors (4096K)
 Metaspace       used 38436K, committed 38912K, reserved 1089536K
  class space    used 4450K, committed 4672K, reserved 1048576K
}
Event: 1.898 GC heap before
{Heap before GC invocations=11 (full 0):
 garbage-first heap   total 94208K, used 68738K [0x00000005c0000000, 0x00000007c0000000)
  region size 4096K, 13 young (53248K), 1 survivors (4096K)
 Metaspace       used 48939K, committed 49344K, reserved 1097728K
  class space    used 5928K, committed 6144K, reserved 1048576K
}
Event: 1.900 GC heap after
{Heap after GC invocations=12 (full 0):
 garbage-first heap   total 311296K, used 22338K [0x00000005c0000000, 0x00000007c0000000)
  region size 4096K, 2 young (8192K), 2 survivors (8192K)
 Metaspace       used 48939K, committed 49344K, reserved 1097728K
  class space    used 5928K, committed 6144K, reserved 1048576K
}
Event: 2.395 GC heap before
{Heap before GC invocations=12 (full 0):
 garbage-first heap   total 311296K, used 108354K [0x00000005c0000000, 0x00000007c0000000)
  region size 4096K, 24 young (98304K), 2 survivors (8192K)
 Metaspace       used 59863K, committed 60288K, reserved 1105920K
  class space    used 7379K, committed 7616K, reserved 1048576K
}
Event: 2.398 GC heap after
{Heap after GC invocations=13 (full 0):
 garbage-first heap   total 311296K, used 26515K [0x00000005c0000000, 0x00000007c0000000)
  region size 4096K, 3 young (12288K), 3 survivors (12288K)
 Metaspace       used 59863K, committed 60288K, reserved 1105920K
  class space    used 7379K, committed 7616K, reserved 1048576K
}
Event: 2.720 GC heap before
{Heap before GC invocations=14 (full 0):
 garbage-first heap   total 122880K, used 92051K [0x00000005c0000000, 0x00000007c0000000)
  region size 4096K, 19 young (77824K), 3 survivors (12288K)
 Metaspace       used 63544K, committed 64064K, reserved 1105920K
  class space    used 7845K, committed 8128K, reserved 1048576K
}
Event: 2.723 GC heap after
{Heap after GC invocations=15 (full 0):
 garbage-first heap   total 122880K, used 29447K [0x00000005c0000000, 0x00000007c0000000)
  region size 4096K, 2 young (8192K), 2 survivors (8192K)
 Metaspace       used 63544K, committed 64064K, reserved 1105920K
  class space    used 7845K, committed 8128K, reserved 1048576K
}
Event: 3.083 GC heap before
{Heap before GC invocations=15 (full 0):
 garbage-first heap   total 122880K, used 90887K [0x00000005c0000000, 0x00000007c0000000)
  region size 4096K, 17 young (69632K), 2 survivors (8192K)
 Metaspace       used 70936K, committed 71552K, reserved 1114112K
  class space    used 8795K, committed 9088K, reserved 1048576K
}
Event: 3.086 GC heap after
{Heap after GC invocations=16 (full 0):
 garbage-first heap   total 122880K, used 34649K [0x00000005c0000000, 0x00000007c0000000)
  region size 4096K, 2 young (8192K), 2 survivors (8192K)
 Metaspace       used 70936K, committed 71552K, reserved 1114112K
  class space    used 8795K, committed 9088K, reserved 1048576K
}
Event: 3.350 GC heap before
{Heap before GC invocations=16 (full 0):
 garbage-first heap   total 122880K, used 91993K [0x00000005c0000000, 0x00000007c0000000)
  region size 4096K, 16 young (65536K), 2 survivors (8192K)
 Metaspace       used 71777K, committed 72384K, reserved 1114112K
  class space    used 8861K, committed 9152K, reserved 1048576K
}
Event: 3.353 GC heap after
{Heap after GC invocations=17 (full 0):
 garbage-first heap   total 122880K, used 36703K [0x00000005c0000000, 0x00000007c0000000)
  region size 4096K, 1 young (4096K), 1 survivors (4096K)
 Metaspace       used 71777K, committed 72384K, reserved 1114112K
  class space    used 8861K, committed 9152K, reserved 1048576K
}
Event: 3.579 GC heap before
{Heap before GC invocations=17 (full 0):
 garbage-first heap   total 122880K, used 89951K [0x00000005c0000000, 0x00000007c0000000)
  region size 4096K, 14 young (57344K), 1 survivors (4096K)
 Metaspace       used 73814K, committed 74368K, reserved 1122304K
  class space    used 9148K, committed 9408K, reserved 1048576K
}
Event: 3.582 GC heap after
{Heap after GC invocations=18 (full 0):
 garbage-first heap   total 122880K, used 38099K [0x00000005c0000000, 0x00000007c0000000)
  region size 4096K, 1 young (4096K), 1 survivors (4096K)
 Metaspace       used 73814K, committed 74368K, reserved 1122304K
  class space    used 9148K, committed 9408K, reserved 1048576K
}

